<?xml version="1.0" encoding="UTF-8"?>
<!-- Generated by org.testng.reporters.JUnitReportReporter -->
<testsuite skipped="0" hostname="RonsiMac.local" name="maven3.maven3.App" tests="1" failures="0" timestamp="16 Jun 2019 02:58:24 GMT" time="2.206" errors="0">
  <testcase name="HeadlessTesting" time="2.206" classname="maven3.maven3.App"/>
</testsuite> <!-- maven3.maven3.App -->
